This is pdfTeX, Version 3.141592653-2.6-1.40.22 (TeX Live 2022/dev/Debian) (preloaded format=pdflatex)
 restricted \write18 enabled.
entering extended mode
(./paper_stretchbot.tex
LaTeX2e <2021-11-15> patch level 1
L3 programming layer <2022-01-21> (./sn-jnl.cls
Document Class: sn-jnl 2019/11/18 v0.1: An authoring template for Springer Jour
nal articles
(/usr/share/texlive/texmf-dist/tex/latex/base/article.cls
Document Class: article 2021/10/04 v1.4n Standard LaTeX document class
(/usr/share/texlive/texmf-dist/tex/latex/base/fleqn.clo)
(/usr/share/texlive/texmf-dist/tex/latex/base/size10.clo))
(/usr/share/texlive/texmf-dist/tex/latex/geometry/geometry.sty
(/usr/share/texlive/texmf-dist/tex/latex/graphics/keyval.sty)
(/usr/share/texlive/texmf-dist/tex/generic/iftex/ifvtex.sty
(/usr/share/texlive/texmf-dist/tex/generic/iftex/iftex.sty)))
(/usr/share/texlive/texmf-dist/tex/latex/sttools/cuted.sty)
(/usr/share/texlive/texmf-dist/tex/latex/graphics/rotating.sty
(/usr/share/texlive/texmf-dist/tex/latex/graphics/graphicx.sty
(/usr/share/texlive/texmf-dist/tex/latex/graphics/graphics.sty
(/usr/share/texlive/texmf-dist/tex/latex/graphics/trig.sty)
(/usr/share/texlive/texmf-dist/tex/latex/graphics-cfg/graphics.cfg)
(/usr/share/texlive/texmf-dist/tex/latex/graphics-def/pdftex.def)))
(/usr/share/texlive/texmf-dist/tex/latex/base/ifthen.sty))
(/usr/share/texlive/texmf-dist/tex/latex/threeparttable/threeparttable.sty)
(/usr/share/texlive/texmf-dist/tex/latex/appendix/appendix.sty)
(/usr/share/texlive/texmf-dist/tex/latex/hyperref/hyperref.sty
(/usr/share/texlive/texmf-dist/tex/generic/ltxcmds/ltxcmds.sty)
(/usr/share/texlive/texmf-dist/tex/generic/pdftexcmds/pdftexcmds.sty
(/usr/share/texlive/texmf-dist/tex/generic/infwarerr/infwarerr.sty))
(/usr/share/texlive/texmf-dist/tex/generic/kvsetkeys/kvsetkeys.sty)
(/usr/share/texlive/texmf-dist/tex/generic/kvdefinekeys/kvdefinekeys.sty)
(/usr/share/texlive/texmf-dist/tex/generic/pdfescape/pdfescape.sty)
(/usr/share/texlive/texmf-dist/tex/latex/hycolor/hycolor.sty)
(/usr/share/texlive/texmf-dist/tex/latex/letltxmacro/letltxmacro.sty)
(/usr/share/texlive/texmf-dist/tex/latex/auxhook/auxhook.sty)
(/usr/share/texlive/texmf-dist/tex/latex/kvoptions/kvoptions.sty)
(/usr/share/texlive/texmf-dist/tex/latex/hyperref/pd1enc.def)
(/usr/share/texlive/texmf-dist/tex/latex/hyperref/hyperref-langpatches.def)
(/usr/share/texlive/texmf-dist/tex/generic/intcalc/intcalc.sty)
(/usr/share/texlive/texmf-dist/tex/generic/etexcmds/etexcmds.sty)
(/usr/share/texlive/texmf-dist/tex/latex/hyperref/puenc.def)
(/usr/share/texlive/texmf-dist/tex/latex/url/url.sty)
(/usr/share/texlive/texmf-dist/tex/generic/bitset/bitset.sty
(/usr/share/texlive/texmf-dist/tex/generic/bigintcalc/bigintcalc.sty))
(/usr/share/texlive/texmf-dist/tex/latex/base/atbegshi-ltx.sty))
(/usr/share/texlive/texmf-dist/tex/latex/hyperref/hpdftex.def
(/usr/share/texlive/texmf-dist/tex/latex/base/atveryend-ltx.sty)
(/usr/share/texlive/texmf-dist/tex/latex/rerunfilecheck/rerunfilecheck.sty
(/usr/share/texlive/texmf-dist/tex/generic/uniquecounter/uniquecounter.sty)))
(/usr/share/texlive/texmf-dist/tex/latex/wrapfig/wrapfig.sty)
(/usr/share/texlive/texmf-dist/tex/latex/amscls/amsthm.sty)
(/usr/share/texlive/texmf-dist/tex/latex/base/fix-cm.sty
(/usr/share/texlive/texmf-dist/tex/latex/base/ts1enc.def))
(/usr/share/texlive/texmf-dist/tex/latex/natbib/natbib.sty))
(/usr/share/texlive/texmf-dist/tex/latex/amsmath/amsmath.sty
For additional information on amsmath, use the `?' option.
(/usr/share/texlive/texmf-dist/tex/latex/amsmath/amstext.sty
(/usr/share/texlive/texmf-dist/tex/latex/amsmath/amsgen.sty))
(/usr/share/texlive/texmf-dist/tex/latex/amsmath/amsbsy.sty)
(/usr/share/texlive/texmf-dist/tex/latex/amsmath/amsopn.sty))
(/usr/share/texlive/texmf-dist/tex/latex/amsfonts/amssymb.sty
(/usr/share/texlive/texmf-dist/tex/latex/amsfonts/amsfonts.sty))
(/usr/share/texlive/texmf-dist/tex/latex/jknapltx/mathrsfs.sty)
(/usr/share/texlive/texmf-dist/tex/latex/xcolor/xcolor.sty
(/usr/share/texlive/texmf-dist/tex/latex/graphics-cfg/color.cfg))
(/usr/share/texlive/texmf-dist/tex/latex/base/textcomp.sty)
(/usr/share/texlive/texmf-dist/tex/latex/booktabs/booktabs.sty)
(/usr/share/texlive/texmf-dist/tex/latex/l3backend/l3backend-pdftex.def)
No file paper_stretchbot.aux.
*geometry* driver: auto-detecting
*geometry* detected driver: pdftex
(/usr/share/texlive/texmf-dist/tex/context/base/mkii/supp-pdf.mkii
[Loading MPS to PDF converter (version 2006.09.02).]
) (/usr/share/texlive/texmf-dist/tex/latex/epstopdf-pkg/epstopdf-base.sty
(/usr/share/texlive/texmf-dist/tex/latex/latexconfig/epstopdf-sys.cfg))
(/usr/share/texlive/texmf-dist/tex/latex/hyperref/nameref.sty
(/usr/share/texlive/texmf-dist/tex/latex/refcount/refcount.sty)
(/usr/share/texlive/texmf-dist/tex/generic/gettitlestring/gettitlestring.sty))
(/usr/share/texlive/texmf-dist/tex/latex/amsfonts/umsa.fd)
(/usr/share/texlive/texmf-dist/tex/latex/amsfonts/umsb.fd)
(/usr/share/texlive/texmf-dist/tex/latex/jknapltx/ursfs.fd)

LaTeX Font Warning: Font shape `U/rsfs/m/n' in size <8.43146> not available
(Font)              size <8> substituted on input line 39.


LaTeX Font Warning: Font shape `U/rsfs/m/n' in size <5.52061> not available
(Font)              size <6> substituted on input line 39.

(../chapters/01_introduction.tex

Package natbib Warning: Citation `ref1' on page 1 undefined on input line 4.


Package natbib Warning: Citation `ref2' on page 1 undefined on input line 4.


Package natbib Warning: Citation `ref3' on page 1 undefined on input line 4.


Package natbib Warning: Citation `ref4' on page 1 undefined on input line 4.


Underfull \vbox (badness 10000) has occurred while \output is active [1{/var/li
b/texmf/fonts/map/pdftex/updmap/pdftex.map}]

Package natbib Warning: Citation `ref5' on page 2 undefined on input line 10.


Package natbib Warning: Citation `ref26' on page 2 undefined on input line 10.


Package natbib Warning: Citation `ref28' on page 2 undefined on input line 10.

) (../chapters/02_related_work.tex

Package natbib Warning: Citation `ref6' on page 2 undefined on input line 8.


Package natbib Warning: Citation `ref7' on page 2 undefined on input line 8.


Underfull \vbox (badness 10000) has occurred while \output is active [2]

Package natbib Warning: Citation `ref8' on page 3 undefined on input line 14.


Package natbib Warning: Citation `ref8' on page 3 undefined on input line 14.


Package natbib Warning: Citation `ref9' on page 3 undefined on input line 14.


Package natbib Warning: Citation `ref10' on page 3 undefined on input line 20.


Package natbib Warning: Citation `ref10' on page 3 undefined on input line 20.


Package natbib Warning: Citation `ref11' on page 3 undefined on input line 20.


Package natbib Warning: Citation `ref12' on page 3 undefined on input line 26.


Package natbib Warning: Citation `ref12' on page 3 undefined on input line 26.


Package natbib Warning: Citation `ref13' on page 3 undefined on input line 26.


Package natbib Warning: Citation `ref14' on page 3 undefined on input line 26.


Package natbib Warning: Citation `ref15' on page 3 undefined on input line 26.

) (../chapters/03_architecture.tex

LaTeX Warning: Reference `fig:overall_pipeline' on page 3 undefined on input li
ne 4.


Underfull \vbox (badness 10000) has occurred while \output is active [3]

LaTeX Warning: Reference `fig:overall_pipeline' on page 4 undefined on input li
ne 13.


Package natbib Warning: Citation `ref18' on page 4 undefined on input line 20.


Underfull \vbox (badness 10000) has occurred while \output is active [4 <../ima
ges/figure1_pipeline.png>]

Package natbib Warning: Citation `ref19' on page 5 undefined on input line 25.


Package natbib Warning: Citation `ref20' on page 5 undefined on input line 26.


Package natbib Warning: Citation `ref19' on page 5 undefined on input line 27.


Package natbib Warning: Citation `ref21' on page 5 undefined on input line 33.


Package natbib Warning: Citation `ref22' on page 5 undefined on input line 36.


Package natbib Warning: Citation `ref23' on page 5 undefined on input line 36.


Underfull \vbox (badness 10000) has occurred while \output is active [5]

Package natbib Warning: Citation `ref26' on page 6 undefined on input line 54.


Package natbib Warning: Citation `ref31' on page 6 undefined on input line 79.


Package natbib Warning: Citation `ref32' on page 6 undefined on input line 79.


Underfull \vbox (badness 10000) has occurred while \output is active [6]

Package natbib Warning: Citation `ref33' on page 7 undefined on input line 81.


Package natbib Warning: Citation `ref34' on page 7 undefined on input line 84.


Package natbib Warning: Citation `ref35' on page 7 undefined on input line 84.

) (../chapters/04_implementation.tex
Underfull \vbox (badness 10000) has occurred while \output is active [7]
Underfull \hbox (badness 10000) in paragraph at lines 29--30
[]\OT1/cmr/m/it/10.03749 Entity-Property rela-tions: \OT1/cmtt/m/n/10.03749 (co
ffee, hasAffect, energizes)\OT1/cmr/m/n/10 , \OT1/cmtt/m/n/10.03749 (water,

Underfull \hbox (badness 1259) in paragraph at lines 30--31
[]\OT1/cmr/m/it/10.03749 Emotion-Response rela-tions: \OT1/cmtt/m/n/10.03749 (t
ired, suggests, break)\OT1/cmr/m/n/10 , \OT1/cmtt/m/n/10.03749 (tired, suggests
,

Underfull \hbox (badness 6842) in paragraph at lines 32--33
[]\OT1/cmr/m/it/10.03749 Affordance rela-tions: \OT1/cmtt/m/n/10.03749 (coffee,
 usedFor, energy[]boost)\OT1/cmr/m/n/10 , \OT1/cmtt/m/n/10.03749 (wall, usedFor
,

Underfull \vbox (badness 10000) has occurred while \output is active [8])
(../chapters/05_evaluation.tex
Underfull \vbox (badness 10000) has occurred while \output is active [9])
(../chapters/06_results.tex

LaTeX Warning: Reference `fig:comparative_results' on page 10 undefined on inpu
t line 25.


Underfull \vbox (badness 10000) has occurred while \output is active [10]
Underfull \vbox (badness 10000) has occurred while \output is active [11 <../im
ages/figure3_results.png>]) (../chapters/07_discussion.tex
Underfull \vbox (badness 10000) has occurred while \output is active [12]
Underfull \vbox (badness 10000) has occurred while \output is active [13])
(../chapters/08_conclusion.tex)
Underfull \vbox (badness 10000) has occurred while \output is active [14]
Underfull \hbox (badness 1715) in paragraph at lines 80--81
[]\OT1/cmr/m/n/10 Aceituno-Valenzuela, L., Nu~nez-Marcos, A., Garc^^S^^Pa-Zapir
ain, B., ``Robotic

Underfull \vbox (badness 10000) has occurred while \output is active [15]
Underfull \hbox (badness 5878) in paragraph at lines 122--123
[]\OT1/cmr/m/n/10 Ultralytics, ``YOLOv8: Real-time object detec-tion,'' [][]$ht
tps : / / github . com /

Underfull \vbox (badness 10000) has occurred while \output is active [16]
Underfull \vbox (badness 10000) has occurred while \output is active [17]

Package natbib Warning: There were undefined citations.


Underfull \vbox (badness 10000) has occurred while \output is active [18]
(./paper_stretchbot.aux

Package natbib Warning: Citation(s) may have changed.
(natbib)                Rerun to get citations correct.

)

LaTeX Font Warning: Size substitutions with differences
(Font)              up to 0.47939pt have occurred.


LaTeX Warning: There were undefined references.


LaTeX Warning: Label(s) may have changed. Rerun to get cross-references right.


Package rerunfilecheck Warning: File `paper_stretchbot.out' has changed.
(rerunfilecheck)                Rerun to get outlines right
(rerunfilecheck)                or use package `bookmark'.

 )
(see the transcript file for additional information){/usr/share/texmf/fonts/enc
/dvips/cm-super/cm-super-ts1.enc}</usr/share/texlive/texmf-dist/fonts/type1/pub
lic/amsfonts/cm/cmbx10.pfb></usr/share/texlive/texmf-dist/fonts/type1/public/am
sfonts/cm/cmbx12.pfb></usr/share/texlive/texmf-dist/fonts/type1/public/amsfonts
/cm/cmbx8.pfb></usr/share/texlive/texmf-dist/fonts/type1/public/amsfonts/cm/cmm
i10.pfb></usr/share/texlive/texmf-dist/fonts/type1/public/amsfonts/cm/cmr10.pfb
></usr/share/texlive/texmf-dist/fonts/type1/public/amsfonts/cm/cmr12.pfb></usr/
share/texlive/texmf-dist/fonts/type1/public/amsfonts/cm/cmr17.pfb></usr/share/t
exlive/texmf-dist/fonts/type1/public/amsfonts/cm/cmr7.pfb></usr/share/texlive/t
exmf-dist/fonts/type1/public/amsfonts/cm/cmr8.pfb></usr/share/texlive/texmf-dis
t/fonts/type1/public/amsfonts/cm/cmr9.pfb></usr/share/texlive/texmf-dist/fonts/
type1/public/amsfonts/cm/cmsy10.pfb></usr/share/texlive/texmf-dist/fonts/type1/
public/amsfonts/cm/cmti10.pfb></usr/share/texlive/texmf-dist/fonts/type1/public
/amsfonts/cm/cmtt10.pfb></usr/share/texmf/fonts/type1/public/cm-super/sfrm1000.
pfb>
Output written on paper_stretchbot.pdf (18 pages, 352773 bytes).
Transcript written on paper_stretchbot.log.
